app/build/intermediates/manifest_merge_blame_file/debug/manifest-merger-blame-debug-report.txt
1<?xml version="1.0" encoding="utf-8"?>
2<manifest xmlns:android="http://schemas.android.com/apk/res/android"
3    package="com.example.edgescreen"
4    android:versionCode="1"
5    android:versionName="1.0" >
6
7    <uses-sdk
7-->src\main\AndroidManifest.xml:7:5-9:41
8        android:minSdkVersion="19"
8-->src\main\AndroidManifest.xml:8:9-35
9        android:targetSdkVersion="23" />
9-->src\main\AndroidManifest.xml:9:9-38
10
11    <uses-permission android:name="com.samsung.android.providers.context.permission.WRITE_USE_APP_FEATURE_SURVEY" />
11-->src\main\AndroidManifest.xml:11:5-117
11-->src\main\AndroidManifest.xml:11:22-114
12
13    <application
13-->src\main\AndroidManifest.xml:13:5-101:19
14        android:allowBackup="true"
14-->src\main\AndroidManifest.xml:14:9-35
15        android:debuggable="true"
16        android:label="@string/app_name"
16-->src\main\AndroidManifest.xml:15:9-41
17        android:testOnly="true"
18        android:theme="@style/AppTheme" >
18-->src\main\AndroidManifest.xml:16:9-40
19        <activity
19-->src\main\AndroidManifest.xml:17:9-23:20
20            android:name="com.example.edgescreen.EdgeConfigure"
20-->src\main\AndroidManifest.xml:18:13-42
21            android:label="@string/app_name" >
21-->src\main\AndroidManifest.xml:19:13-45
22            <intent-filter>
22-->src\main\AndroidManifest.xml:20:13-22:29
23                <action android:name="android.intent.action.MAIN" />
23-->src\main\AndroidManifest.xml:21:17-69
23-->src\main\AndroidManifest.xml:21:25-66
24            </intent-filter>
25        </activity>
26        <activity
26-->src\main\AndroidManifest.xml:24:9-36:20
27            android:name="com.example.edgescreen.immersive_mode.ImmersiveModeActivity"
27-->src\main\AndroidManifest.xml:25:13-87
28            android:label="@string/app_name"
28-->src\main\AndroidManifest.xml:26:13-45
29            android:theme="@android:style/Theme.Holo.NoActionBar.Fullscreen" >
29-->src\main\AndroidManifest.xml:27:13-77
30            <intent-filter>
30-->src\main\AndroidManifest.xml:28:13-31:29
31                <action android:name="android.intent.action.MAIN" />
31-->src\main\AndroidManifest.xml:21:17-69
31-->src\main\AndroidManifest.xml:21:25-66
32
33                <category android:name="android.intent.category.LAUNCHER" />
33-->src\main\AndroidManifest.xml:30:17-77
33-->src\main\AndroidManifest.xml:30:27-74
34            </intent-filter>
35
36            <meta-data
36-->src\main\AndroidManifest.xml:33:13-35:40
37                android:name="com.samsung.android.cocktail.subwindow.enable"
37-->src\main\AndroidManifest.xml:34:17-77
38                android:value="true" />
38-->src\main\AndroidManifest.xml:35:17-37
39        </activity>
40
41        <receiver android:name="com.example.edgescreen.single.CocktailSingleProvider" >
41-->src\main\AndroidManifest.xml:38:9-46:20
41-->src\main\AndroidManifest.xml:38:19-64
42            <intent-filter>
42-->src\main\AndroidManifest.xml:39:13-41:29
43                <action android:name="com.samsung.android.cocktail.action.COCKTAIL_UPDATE" />
43-->src\main\AndroidManifest.xml:40:17-94
43-->src\main\AndroidManifest.xml:40:25-91
44            </intent-filter>
45
46            <meta-data
46-->src\main\AndroidManifest.xml:43:13-45:55
47                android:name="com.samsung.android.cocktail.provider"
47-->src\main\AndroidManifest.xml:44:17-69
48                android:resource="@xml/edge_single" />
48-->src\main\AndroidManifest.xml:45:17-52
49        </receiver>
50        <receiver android:name="com.example.edgescreen.feeds.CocktailFeedsProvider" >
50-->src\main\AndroidManifest.xml:47:9-55:20
50-->src\main\AndroidManifest.xml:47:19-62
51            <intent-filter>
51-->src\main\AndroidManifest.xml:39:13-41:29
52                <action android:name="com.samsung.android.cocktail.action.COCKTAIL_UPDATE" />
52-->src\main\AndroidManifest.xml:40:17-94
52-->src\main\AndroidManifest.xml:40:25-91
53            </intent-filter>
54
55            <meta-data
55-->src\main\AndroidManifest.xml:43:13-45:55
56                android:name="com.samsung.android.cocktail.provider"
56-->src\main\AndroidManifest.xml:44:17-69
57                android:resource="@xml/edge_feeds" />
57-->src\main\AndroidManifest.xml:45:17-52
58        </receiver>
59        <receiver android:name="com.example.edgescreen.list.CocktailListAdapterProvider" >
59-->src\main\AndroidManifest.xml:56:9-64:20
59-->src\main\AndroidManifest.xml:56:19-67
60            <intent-filter>
60-->src\main\AndroidManifest.xml:39:13-41:29
61                <action android:name="com.samsung.android.cocktail.action.COCKTAIL_UPDATE" />
61-->src\main\AndroidManifest.xml:40:17-94
61-->src\main\AndroidManifest.xml:40:25-91
62            </intent-filter>
63
64            <meta-data
64-->src\main\AndroidManifest.xml:43:13-45:55
65                android:name="com.samsung.android.cocktail.provider"
65-->src\main\AndroidManifest.xml:44:17-69
66                android:resource="@xml/edge_single_list" />
66-->src\main\AndroidManifest.xml:45:17-52
67        </receiver>
68        <receiver android:name="com.example.edgescreen.singleplus.CocktailSinglePlusProvider" >
68-->src\main\AndroidManifest.xml:65:9-73:20
68-->src\main\AndroidManifest.xml:65:19-72
69            <intent-filter>
69-->src\main\AndroidManifest.xml:66:13-68:29
70                <action android:name="com.samsung.android.cocktail.v2.action.COCKTAIL_UPDATE" />
70-->src\main\AndroidManifest.xml:67:17-97
70-->src\main\AndroidManifest.xml:67:25-94
71            </intent-filter>
72
73            <meta-data
73-->src\main\AndroidManifest.xml:43:13-45:55
74                android:name="com.samsung.android.cocktail.provider"
74-->src\main\AndroidManifest.xml:44:17-69
75                android:resource="@xml/edge_single_plus" />
75-->src\main\AndroidManifest.xml:45:17-52
76        </receiver>
77
78        <service
78-->src\main\AndroidManifest.xml:75:9-77:72
79            android:name="com.example.edgescreen.list.CocktailListAdapterService"
79-->src\main\AndroidManifest.xml:76:13-60
80            android:permission="android.permission.BIND_REMOTEVIEWS" />
80-->src\main\AndroidManifest.xml:77:13-69
81
82        <receiver android:name="com.example.edgescreen.singleplus.LongClickCocktailProvider" >
82-->src\main\AndroidManifest.xml:79:9-90:20
82-->src\main\AndroidManifest.xml:79:19-71
83            <intent-filter>
83-->src\main\AndroidManifest.xml:80:13-85:29
84                <action android:name="com.samsung.android.cocktail.v2.action.COCKTAIL_UPDATE" />
84-->src\main\AndroidManifest.xml:67:17-97
84-->src\main\AndroidManifest.xml:67:25-94
85                <action android:name="com.example.cocktailslooksample.action.ACTION_REMOTE_LONGCLICK" />
85-->src\main\AndroidManifest.xml:82:17-105
85-->src\main\AndroidManifest.xml:82:25-102
86                <action android:name="com.example.cocktailslooksample.action.ACTION_REMOTE_CLICK" />
86-->src\main\AndroidManifest.xml:83:17-100
86-->src\main\AndroidManifest.xml:83:25-98
87                <action android:name="com.example.cocktailslooksample.action.ACTION_PULL_TO_REFRESH" />
87-->src\main\AndroidManifest.xml:84:17-103
87-->src\main\AndroidManifest.xml:84:25-101
88            </intent-filter>
89
90            <meta-data
90-->src\main\AndroidManifest.xml:43:13-45:55
91                android:name="com.samsung.android.cocktail.provider"
91-->src\main\AndroidManifest.xml:44:17-69
92                android:resource="@xml/edge_single_plus_list" />
92-->src\main\AndroidManifest.xml:45:17-52
93        </receiver>
94
95        <service
95-->src\main\AndroidManifest.xml:92:9-96:15
96            android:name="com.example.edgescreen.singleplus.LongClickRemoteViewService"
96-->src\main\AndroidManifest.xml:93:13-66
97            android:exported="false"
97-->src\main\AndroidManifest.xml:94:13-37
98            android:permission="android.permission.BIND_REMOTEVIEWS" />
98-->src\main\AndroidManifest.xml:95:13-69
99
100        <meta-data
100-->src\main\AndroidManifest.xml:98:9-100:48
101            android:name="com.samsung.android.cocktail.mode"
101-->src\main\AndroidManifest.xml:99:13-61
102            android:value="edge_single_plus" />
102-->src\main\AndroidManifest.xml:100:13-45
103    </application>
104
105</manifest>